# JRE version: Java(TM) SE Runtime Environment (8.0_121-b13) (build 1.8.0_121-b13)
# Java VM: Java HotSpot(TM) 64-Bit Server VM (25.121-b13 mixed mode bsd-amd64 compressed oops)
Heap:
 PSYoungGen      total 343552K, used 9720K [0x000000076ab00000, 0x0000000780d80000, 0x00000007c0000000)
  eden space 323584K, 3% used [0x000000076ab00000,0x000000076b47e110,0x000000077e700000)
  from space 19968K, 0% used [0x000000077e700000,0x000000077e700000,0x000000077fa80000)
  to   space 19456K, 0% used [0x000000077fa80000,0x000000077fa80000,0x0000000780d80000)
 ParOldGen       total 97280K, used 20838K [0x00000006c0000000, 0x00000006c5f00000, 0x000000076ab00000)
  object space 97280K, 21% used [0x00000006c0000000,0x00000006c1459938,0x00000006c5f00000)
 Metaspace       used 28754K, capacity 29836K, committed 30080K, reserved 1075200K
  class space    used 3903K, capacity 4172K, committed 4224K, reserved 1048576K
GC Heap History (10 events):
Event: 13.621 GC heap before
{Heap before GC invocations=8 (full 1):
 PSYoungGen      total 196608K, used 195313K [0x000000076ab00000, 0x0000000777c00000, 0x00000007c0000000)
  eden space 184320K, 100% used [0x000000076ab00000,0x0000000775f00000,0x0000000775f00000)
  from space 12288K, 89% used [0x0000000776f00000,0x00000007779bc710,0x0000000777b00000)
  to   space 14848K, 0% used [0x0000000775f00000,0x0000000775f00000,0x0000000776d80000)
 ParOldGen       total 97280K, used 7339K [0x00000006c0000000, 0x00000006c5f00000, 0x000000076ab00000)
  object space 97280K, 7% used [0x00000006c0000000,0x00000006c072ad28,0x00000006c5f00000)
 Metaspace       used 28231K, capacity 29186K, committed 29312K, reserved 1075200K
  class space    used 3877K, capacity 4119K, committed 4224K, reserved 1048576K
Event: 13.644 GC heap after
Heap after GC invocations=8 (full 1):
 PSYoungGen      total 199168K, used 14832K [0x000000076ab00000, 0x0000000780d80000, 0x00000007c0000000)
  eden space 184320K, 0% used [0x000000076ab00000,0x000000076ab00000,0x0000000775f00000)
  from space 14848K, 99% used [0x0000000775f00000,0x0000000776d7c070,0x0000000776d80000)
  to   space 19456K, 0% used [0x000000077fa80000,0x000000077fa80000,0x0000000780d80000)
 ParOldGen       total 97280K, used 9937K [0x00000006c0000000, 0x00000006c5f00000, 0x000000076ab00000)
  object space 97280K, 10% used [0x00000006c0000000,0x00000006c09b4680,0x00000006c5f00000)
 Metaspace       used 28231K, capacity 29186K, committed 29312K, reserved 1075200K
  class space    used 3877K, capacity 4119K, committed 4224K, reserved 1048576K
}
Event: 16.557 GC heap before
{Heap before GC invocations=9 (full 1):
 PSYoungGen      total 199168K, used 57680K [0x000000076ab00000, 0x0000000780d80000, 0x00000007c0000000)
  eden space 184320K, 23% used [0x000000076ab00000,0x000000076d4d80d0,0x0000000775f00000)
  from space 14848K, 99% used [0x0000000775f00000,0x0000000776d7c070,0x0000000776d80000)
  to   space 19456K, 0% used [0x000000077fa80000,0x000000077fa80000,0x0000000780d80000)
 ParOldGen       total 97280K, used 9937K [0x00000006c0000000, 0x00000006c5f00000, 0x000000076ab00000)
  object space 97280K, 10% used [0x00000006c0000000,0x00000006c09b4680,0x00000006c5f00000)
 Metaspace       used 28576K, capacity 29626K, committed 29824K, reserved 1075200K
  class space    used 3902K, capacity 4171K, committed 4224K, reserved 1048576K
Event: 16.570 GC heap after
Heap after GC invocations=9 (full 1):
 PSYoungGen      total 343040K, used 12643K [0x000000076ab00000, 0x0000000780e80000, 0x00000007c0000000)
  eden space 323584K, 0% used [0x000000076ab00000,0x000000076ab00000,0x000000077e700000)
  from space 19456K, 64% used [0x000000077fa80000,0x00000007806d8cf8,0x0000000780d80000)
  to   space 19968K, 0% used [0x000000077e700000,0x000000077e700000,0x000000077fa80000)
 ParOldGen       total 97280K, used 11168K [0x00000006c0000000, 0x00000006c5f00000, 0x000000076ab00000)
  object space 97280K, 11% used [0x00000006c0000000,0x00000006c0ae83d8,0x00000006c5f00000)
 Metaspace       used 28576K, capacity 29626K, committed 29824K, reserved 1075200K
  class space    used 3902K, capacity 4171K, committed 4224K, reserved 1048576K
}
Event: 16.570 GC heap before
{Heap before GC invocations=10 (full 2):
 PSYoungGen      total 343040K, used 12643K [0x000000076ab00000, 0x0000000780e80000, 0x00000007c0000000)
  eden space 323584K, 0% used [0x000000076ab00000,0x000000076ab00000,0x000000077e700000)
  from space 19456K, 64% used [0x000000077fa80000,0x00000007806d8cf8,0x0000000780d80000)
  to   space 19968K, 0% used [0x000000077e700000,0x000000077e700000,0x000000077fa80000)
 ParOldGen       total 97280K, used 11168K [0x00000006c0000000, 0x00000006c5f00000, 0x000000076ab00000)
  object space 97280K, 11% used [0x00000006c0000000,0x00000006c0ae83d8,0x00000006c5f00000)
 Metaspace       used 28576K, capacity 29626K, committed 29824K, reserved 1075200K
  class space    used 3902K, capacity 4171K, committed 4224K, reserved 1048576K
Event: 16.673 GC heap after
Heap after GC invocations=10 (full 2):
 PSYoungGen      total 343040K, used 0K [0x000000076ab00000, 0x0000000780e80000, 0x00000007c0000000)
  eden space 323584K, 0% used [0x000000076ab00000,0x000000076ab00000,0x000000077e700000)
  from space 19456K, 0% used [0x000000077fa80000,0x000000077fa80000,0x0000000780d80000)
  to   space 19968K, 0% used [0x000000077e700000,0x000000077e700000,0x000000077fa80000)
 ParOldGen       total 97280K, used 21099K [0x00000006c0000000, 0x00000006c5f00000, 0x000000076ab00000)
  object space 97280K, 21% used [0x00000006c0000000,0x00000006c149ae28,0x00000006c5f00000)
 Metaspace       used 28573K, capacity 29620K, committed 29824K, reserved 1075200K
  class space    used 3901K, capacity 4170K, committed 4224K, reserved 1048576K
}
Event: 19.589 GC heap before
{Heap before GC invocations=11 (full 2):
 PSYoungGen      total 343040K, used 52241K [0x000000076ab00000, 0x0000000780e80000, 0x00000007c0000000)
  eden space 323584K, 16% used [0x000000076ab00000,0x000000076de04438,0x000000077e700000)
  from space 19456K, 0% used [0x000000077fa80000,0x000000077fa80000,0x0000000780d80000)
  to   space 19968K, 0% used [0x000000077e700000,0x000000077e700000,0x000000077fa80000)
 ParOldGen       total 97280K, used 21099K [0x00000006c0000000, 0x00000006c5f00000, 0x000000076ab00000)
  object space 97280K, 21% used [0x00000006c0000000,0x00000006c149ae28,0x00000006c5f00000)
 Metaspace       used 28751K, capacity 29772K, committed 29824K, reserved 1075200K
  class space    used 3903K, capacity 4172K, committed 4224K, reserved 1048576K
Event: 19.593 GC heap after
Heap after GC invocations=11 (full 2):
 PSYoungGen      total 343552K, used 5086K [0x000000076ab00000, 0x0000000780d80000, 0x00000007c0000000)
  eden space 323584K, 0% used [0x000000076ab00000,0x000000076ab00000,0x000000077e700000)
  from space 19968K, 25% used [0x000000077e700000,0x000000077ebf7830,0x000000077fa80000)
  to   space 19456K, 0% used [0x000000077fa80000,0x000000077fa80000,0x0000000780d80000)
 ParOldGen       total 97280K, used 21107K [0x00000006c0000000, 0x00000006c5f00000, 0x000000076ab00000)
  object space 97280K, 21% used [0x00000006c0000000,0x00000006c149ce28,0x00000006c5f00000)
 Metaspace       used 28751K, capacity 29772K, committed 29824K, reserved 1075200K
  class space    used 3903K, capacity 4172K, committed 4224K, reserved 1048576K
}
Event: 19.593 GC heap before
{Heap before GC invocations=12 (full 3):
 PSYoungGen      total 343552K, used 5086K [0x000000076ab00000, 0x0000000780d80000, 0x00000007c0000000)
  eden space 323584K, 0% used [0x000000076ab00000,0x000000076ab00000,0x000000077e700000)
  from space 19968K, 25% used [0x000000077e700000,0x000000077ebf7830,0x000000077fa80000)
  to   space 19456K, 0% used [0x000000077fa80000,0x000000077fa80000,0x0000000780d80000)
 ParOldGen       total 97280K, used 21107K [0x00000006c0000000, 0x00000006c5f00000, 0x000000076ab00000)
  object space 97280K, 21% used [0x00000006c0000000,0x00000006c149ce28,0x00000006c5f00000)
 Metaspace       used 28751K, capacity 29772K, committed 29824K, reserved 1075200K
  class space    used 3903K, capacity 4172K, committed 4224K, reserved 1048576K
Event: 19.674 GC heap after
Heap after GC invocations=12 (full 3):
 PSYoungGen      total 343552K, used 0K [0x000000076ab00000, 0x0000000780d80000, 0x00000007c0000000)
  eden space 323584K, 0% used [0x000000076ab00000,0x000000076ab00000,0x000000077e700000)
  from space 19968K, 0% used [0x000000077e700000,0x000000077e700000,0x000000077fa80000)
  to   space 19456K, 0% used [0x000000077fa80000,0x000000077fa80000,0x0000000780d80000)
 ParOldGen       total 97280K, used 20838K [0x00000006c0000000, 0x00000006c5f00000, 0x000000076ab00000)
  object space 97280K, 21% used [0x00000006c0000000,0x00000006c1459938,0x00000006c5f00000)
 Metaspace       used 28751K, capacity 29772K, committed 29824K, reserved 1075200K
  class space    used 3903K, capacity 4172K, committed 4224K, reserved 1048576K
}

